225 INFO: PyInstaller: 6.18.0, contrib hooks: 2026.0
225 INFO: Python: 3.13.5
235 INFO: Platform: macOS-15.7.3-arm64-arm-64bit-Mach-O
235 INFO: Python environment: /Users/mattrb/Documents/ProRes Analyser/venv
238 INFO: wrote /Users/mattrb/Documents/ProRes Analyser/ProRes Bitrate Analyser.spec
242 INFO: Removing temporary files and cleaning cache in /Users/mattrb/Library/Application Support/pyinstaller
1237 INFO: Module search paths (PYTHONPATH):
['/opt/homebrew/Cellar/python@3.13/3.13.5/Frameworks/Python.framework/Versions/3.13/lib/python313.zip',
 '/opt/homebrew/Cellar/python@3.13/3.13.5/Frameworks/Python.framework/Versions/3.13/lib/python3.13',
 '/opt/homebrew/Cellar/python@3.13/3.13.5/Frameworks/Python.framework/Versions/3.13/lib/python3.13/lib-dynload',
 '/Users/mattrb/Documents/ProRes Analyser/venv/lib/python3.13/site-packages',
 '/Users/mattrb/Documents/ProRes Analyser']
1394 INFO: Appending 'binaries' from .spec
1395 INFO: Appending 'datas' from .spec
1440 INFO: checking Analysis
1440 INFO: Building Analysis because Analysis-00.toc is non existent
1440 INFO: Looking for Python shared library...
1442 INFO: Using Python shared library: /opt/homebrew/Cellar/python@3.13/3.13.5/Frameworks/Python.framework/Versions/3.13/Python
1442 INFO: Running Analysis Analysis-00.toc
1442 INFO: Target bytecode optimization level: 0
1442 INFO: Initializing module dependency graph...
1443 INFO: Initializing module graph hook caches...
1455 INFO: Analyzing modules for base_library.zip ...
1944 INFO: Processing standard module hook 'hook-encodings.py' from '/Users/mattrb/Documents/ProRes Analyser/venv/lib/python3.13/site-packages/PyInstaller/hooks'
2252 INFO: Processing standard module hook 'hook-heapq.py' from '/Users/mattrb/Documents/ProRes Analyser/venv/lib/python3.13/site-packages/PyInstaller/hooks'
2945 INFO: Processing standard module hook 'hook-pickle.py' from '/Users/mattrb/Documents/ProRes Analyser/venv/lib/python3.13/site-packages/PyInstaller/hooks'
3866 INFO: Caching module dependency graph...
3887 INFO: Analyzing /Users/mattrb/Documents/ProRes Analyser/prores_analyser.py
4323 INFO: Processing standard module hook 'hook-PyQt6.QtWidgets.py' from '/Users/mattrb/Documents/ProRes Analyser/venv/lib/python3.13/site-packages/PyInstaller/hooks'
4430 INFO: Processing standard module hook 'hook-PyQt6.py' from '/Users/mattrb/Documents/ProRes Analyser/venv/lib/python3.13/site-packages/PyInstaller/hooks'
4760 INFO: Processing standard module hook 'hook-PyQt6.QtCore.py' from '/Users/mattrb/Documents/ProRes Analyser/venv/lib/python3.13/site-packages/PyInstaller/hooks'
5134 INFO: Processing standard module hook 'hook-PyQt6.QtGui.py' from '/Users/mattrb/Documents/ProRes Analyser/venv/lib/python3.13/site-packages/PyInstaller/hooks'
5238 INFO: Processing standard module hook 'hook-matplotlib.py' from '/Users/mattrb/Documents/ProRes Analyser/venv/lib/python3.13/site-packages/PyInstaller/hooks'
5402 INFO: Processing pre-safe-import-module hook 'hook-packaging.py' from '/Users/mattrb/Documents/ProRes Analyser/venv/lib/python3.13/site-packages/PyInstaller/hooks/pre_safe_import_module'
5402 INFO: SetuptoolsInfo: initializing cached setuptools info...
5594 INFO: Processing pre-safe-import-module hook 'hook-typing_extensions.py' from '/Users/mattrb/Documents/ProRes Analyser/venv/lib/python3.13/site-packages/PyInstaller/hooks/pre_safe_import_module'
5668 INFO: Processing standard module hook 'hook-numpy.py' from '/Users/mattrb/Documents/ProRes Analyser/venv/lib/python3.13/site-packages/PyInstaller/hooks'
6023 INFO: Processing standard module hook 'hook-difflib.py' from '/Users/mattrb/Documents/ProRes Analyser/venv/lib/python3.13/site-packages/PyInstaller/hooks'
6153 INFO: Processing standard module hook 'hook-multiprocessing.util.py' from '/Users/mattrb/Documents/ProRes Analyser/venv/lib/python3.13/site-packages/PyInstaller/hooks'
6281 INFO: Processing standard module hook 'hook-xml.py' from '/Users/mattrb/Documents/ProRes Analyser/venv/lib/python3.13/site-packages/PyInstaller/hooks'
6448 INFO: Processing standard module hook 'hook-_ctypes.py' from '/Users/mattrb/Documents/ProRes Analyser/venv/lib/python3.13/site-packages/PyInstaller/hooks'
6940 INFO: Processing standard module hook 'hook-sysconfig.py' from '/Users/mattrb/Documents/ProRes Analyser/venv/lib/python3.13/site-packages/PyInstaller/hooks'
6949 INFO: Processing standard module hook 'hook-_osx_support.py' from '/Users/mattrb/Documents/ProRes Analyser/venv/lib/python3.13/site-packages/PyInstaller/hooks'
7042 INFO: Processing standard module hook 'hook-platform.py' from '/Users/mattrb/Documents/ProRes Analyser/venv/lib/python3.13/site-packages/PyInstaller/hooks'
8267 INFO: Processing pre-safe-import-module hook 'hook-gi.py' from '/Users/mattrb/Documents/ProRes Analyser/venv/lib/python3.13/site-packages/PyInstaller/hooks/pre_safe_import_module'
8424 INFO: Processing standard module hook 'hook-matplotlib.backend_bases.py' from '/Users/mattrb/Documents/ProRes Analyser/venv/lib/python3.13/site-packages/PyInstaller/hooks'
8518 INFO: Processing standard module hook 'hook-PIL.py' from '/Users/mattrb/Documents/ProRes Analyser/venv/lib/python3.13/site-packages/PyInstaller/hooks'
8583 INFO: Processing standard module hook 'hook-PIL.Image.py' from '/Users/mattrb/Documents/ProRes Analyser/venv/lib/python3.13/site-packages/PyInstaller/hooks'
8736 INFO: Processing standard module hook 'hook-xml.etree.cElementTree.py' from '/Users/mattrb/Documents/ProRes Analyser/venv/lib/python3.13/site-packages/PyInstaller/hooks'
8867 INFO: Processing standard module hook 'hook-PIL.ImageFilter.py' from '/Users/mattrb/Documents/ProRes Analyser/venv/lib/python3.13/site-packages/PyInstaller/hooks'
Aborted by user request.
